<?xml version="1.0" encoding="utf-8"?><testsuites name="pytest tests"><testsuite name="pytest" errors="0" failures="0" skipped="0" tests="19" time="7.511" timestamp="2026-04-03T19:26:45.528927+00:00" hostname="agent-env-aee59cb4-fa80-4fe3-94cf-7f084a9e4eb9"><testcase classname="backend.tests.test_poq_survey.TestHealthEndpoints" name="test_api_root" time="0.206" /><testcase classname="backend.tests.test_poq_survey.TestHealthEndpoints" name="test_health_endpoint" time="0.158" /><testcase classname="backend.tests.test_poq_survey.TestParticipantRegistration" name="test_register_new_participant" time="0.124" /><testcase classname="backend.tests.test_poq_survey.TestParticipantRegistration" name="test_duplicate_email_rejected" time="0.240" /><testcase classname="backend.tests.test_poq_survey.TestParticipantRegistration" name="test_consent_required" time="0.105" /><testcase classname="backend.tests.test_poq_survey.TestConditionAssignment" name="test_assign_valid_condition" time="0.773" /><testcase classname="backend.tests.test_poq_survey.TestConditionAssignment" name="test_reject_invalid_condition_zero" time="0.244" /><testcase classname="backend.tests.test_poq_survey.TestConditionAssignment" name="test_reject_invalid_condition_six" time="0.251" /><testcase classname="backend.tests.test_poq_survey.TestConditionAssignment" name="test_condition_for_nonexistent_participant" time="0.106" /><testcase classname="backend.tests.test_poq_survey.TestSurveyResponses" name="test_save_response" time="0.290" /><testcase classname="backend.tests.test_poq_survey.TestSurveyResponses" name="test_get_responses" time="0.664" /><testcase classname="backend.tests.test_poq_survey.TestSessions" name="test_create_and_end_session" time="0.364" /><testcase classname="backend.tests.test_poq_survey.TestAuthentication" name="test_login_with_valid_credentials" time="0.374" /><testcase classname="backend.tests.test_poq_survey.TestAuthentication" name="test_login_with_invalid_credentials" time="0.101" /><testcase classname="backend.tests.test_poq_survey.TestDashboard" name="test_get_stats" time="0.107" /><testcase classname="backend.tests.test_poq_survey.TestDashboard" name="test_get_participants_with_condition" time="0.437" /><testcase classname="backend.tests.test_poq_survey.TestDashboard" name="test_get_responses" time="0.100" /><testcase classname="backend.tests.test_poq_survey.TestDashboard" name="test_get_scores" time="0.111" /><testcase classname="backend.tests.test_poq_survey.TestFullParticipantFlow" name="test_complete_flow" time="2.616" /></testsuite></testsuites>